# JRE version: Java(TM) SE Runtime Environment (8.0_172-b11) (build 1.8.0_172-b11)
# Java VM: Java HotSpot(TM) 64-Bit Server VM (25.172-b11 mixed mode linux-amd64 compressed oops)
Heap:
 PSYoungGen      total 130048K, used 8692K [0x00000000ec780000, 0x00000000f5080000, 0x0000000100000000)
  eden space 121344K, 0% used [0x00000000ec780000,0x00000000ec780000,0x00000000f3e00000)
  from space 8704K, 99% used [0x00000000f3e00000,0x00000000f467d148,0x00000000f4680000)
  to   space 7168K, 0% used [0x00000000f4680000,0x00000000f4680000,0x00000000f4d80000)
 ParOldGen       total 40960K, used 21394K [0x00000000c5600000, 0x00000000c7e00000, 0x00000000ec780000)
  object space 40960K, 52% used [0x00000000c5600000,0x00000000c6ae4a40,0x00000000c7e00000)
 Metaspace       used 20619K, capacity 21172K, committed 21296K, reserved 1069056K
  class space    used 2454K, capacity 2639K, committed 2688K, reserved 1048576K
GC Heap History (10 events):
Event: 2.401 GC heap after
Heap after GC invocations=4 (full 0):
 PSYoungGen      total 33280K, used 2528K [0x00000000ec780000, 0x00000000eea80000, 0x0000000100000000)
  eden space 30720K, 0% used [0x00000000ec780000,0x00000000ec780000,0x00000000ee580000)
  from space 2560K, 98% used [0x00000000ee800000,0x00000000eea78020,0x00000000eea80000)
  to   space 2560K, 0% used [0x00000000ee580000,0x00000000ee580000,0x00000000ee800000)
 ParOldGen       total 40960K, used 4608K [0x00000000c5600000, 0x00000000c7e00000, 0x00000000ec780000)
  object space 40960K, 11% used [0x00000000c5600000,0x00000000c5a802c8,0x00000000c7e00000)
 Metaspace       used 13060K, capacity 13426K, committed 13568K, reserved 1060864K
  class space    used 1609K, capacity 1724K, committed 1792K, reserved 1048576K
}
Event: 3.307 GC heap before
{Heap before GC invocations=5 (full 0):
 PSYoungGen      total 33280K, used 33248K [0x00000000ec780000, 0x00000000eea80000, 0x0000000100000000)
  eden space 30720K, 100% used [0x00000000ec780000,0x00000000ee580000,0x00000000ee580000)
  from space 2560K, 98% used [0x00000000ee800000,0x00000000eea78020,0x00000000eea80000)
  to   space 2560K, 0% used [0x00000000ee580000,0x00000000ee580000,0x00000000ee800000)
 ParOldGen       total 40960K, used 4608K [0x00000000c5600000, 0x00000000c7e00000, 0x00000000ec780000)
  object space 40960K, 11% used [0x00000000c5600000,0x00000000c5a802c8,0x00000000c7e00000)
 Metaspace       used 13530K, capacity 13932K, committed 14080K, reserved 1060864K
  class space    used 1642K, capacity 1762K, committed 1792K, reserved 1048576K
Event: 3.330 GC heap after
Heap after GC invocations=5 (full 0):
 PSYoungGen      total 33280K, used 2528K [0x00000000ec780000, 0x00000000f0f80000, 0x0000000100000000)
  eden space 30720K, 0% used [0x00000000ec780000,0x00000000ec780000,0x00000000ee580000)
  from space 2560K, 98% used [0x00000000ee580000,0x00000000ee7f8020,0x00000000ee800000)
  to   space 6144K, 0% used [0x00000000f0980000,0x00000000f0980000,0x00000000f0f80000)
 ParOldGen       total 40960K, used 7078K [0x00000000c5600000, 0x00000000c7e00000, 0x00000000ec780000)
  object space 40960K, 17% used [0x00000000c5600000,0x00000000c5ce9b90,0x00000000c7e00000)
 Metaspace       used 13530K, capacity 13932K, committed 14080K, reserved 1060864K
  class space    used 1642K, capacity 1762K, committed 1792K, reserved 1048576K
}
Event: 4.325 GC heap before
{Heap before GC invocations=6 (full 0):
 PSYoungGen      total 33280K, used 33248K [0x00000000ec780000, 0x00000000f0f80000, 0x0000000100000000)
  eden space 30720K, 100% used [0x00000000ec780000,0x00000000ee580000,0x00000000ee580000)
  from space 2560K, 98% used [0x00000000ee580000,0x00000000ee7f8020,0x00000000ee800000)
  to   space 6144K, 0% used [0x00000000f0980000,0x00000000f0980000,0x00000000f0f80000)
 ParOldGen       total 40960K, used 7078K [0x00000000c5600000, 0x00000000c7e00000, 0x00000000ec780000)
  object space 40960K, 17% used [0x00000000c5600000,0x00000000c5ce9b90,0x00000000c7e00000)
 Metaspace       used 13900K, capacity 14270K, committed 14336K, reserved 1062912K
  class space    used 1660K, capacity 1765K, committed 1792K, reserved 1048576K
Event: 4.346 GC heap after
Heap after GC invocations=6 (full 0):
 PSYoungGen      total 67584K, used 3936K [0x00000000ec780000, 0x00000000f0f80000, 0x0000000100000000)
  eden space 61440K, 0% used [0x00000000ec780000,0x00000000ec780000,0x00000000f0380000)
  from space 6144K, 64% used [0x00000000f0980000,0x00000000f0d58020,0x00000000f0f80000)
  to   space 6144K, 0% used [0x00000000f0380000,0x00000000f0380000,0x00000000f0980000)
 ParOldGen       total 40960K, used 7086K [0x00000000c5600000, 0x00000000c7e00000, 0x00000000ec780000)
  object space 40960K, 17% used [0x00000000c5600000,0x00000000c5cebb90,0x00000000c7e00000)
 Metaspace       used 13900K, capacity 14270K, committed 14336K, reserved 1062912K
  class space    used 1660K, capacity 1765K, committed 1792K, reserved 1048576K
}
Event: 6.112 GC heap before
{Heap before GC invocations=7 (full 0):
 PSYoungGen      total 67584K, used 65376K [0x00000000ec780000, 0x00000000f0f80000, 0x0000000100000000)
  eden space 61440K, 100% used [0x00000000ec780000,0x00000000f0380000,0x00000000f0380000)
  from space 6144K, 64% used [0x00000000f0980000,0x00000000f0d58020,0x00000000f0f80000)
  to   space 6144K, 0% used [0x00000000f0380000,0x00000000f0380000,0x00000000f0980000)
 ParOldGen       total 40960K, used 7086K [0x00000000c5600000, 0x00000000c7e00000, 0x00000000ec780000)
  object space 40960K, 17% used [0x00000000c5600000,0x00000000c5cebb90,0x00000000c7e00000)
 Metaspace       used 14905K, capacity 15318K, committed 15488K, reserved 1062912K
  class space    used 1761K, capacity 1901K, committed 1920K, reserved 1048576K
Event: 6.161 GC heap after
Heap after GC invocations=7 (full 0):
 PSYoungGen      total 67584K, used 6143K [0x00000000ec780000, 0x00000000f4d80000, 0x0000000100000000)
  eden space 61440K, 0% used [0x00000000ec780000,0x00000000ec780000,0x00000000f0380000)
  from space 6144K, 99% used [0x00000000f0380000,0x00000000f097fc28,0x00000000f0980000)
  to   space 7168K, 0% used [0x00000000f4680000,0x00000000f4680000,0x00000000f4d80000)
 ParOldGen       total 40960K, used 8080K [0x00000000c5600000, 0x00000000c7e00000, 0x00000000ec780000)
  object space 40960K, 19% used [0x00000000c5600000,0x00000000c5de4108,0x00000000c7e00000)
 Metaspace       used 14905K, capacity 15318K, committed 15488K, reserved 1062912K
  class space    used 1761K, capacity 1901K, committed 1920K, reserved 1048576K
}
Event: 7.882 GC heap before
{Heap before GC invocations=8 (full 0):
 PSYoungGen      total 67584K, used 67539K [0x00000000ec780000, 0x00000000f4d80000, 0x0000000100000000)
  eden space 61440K, 99% used [0x00000000ec780000,0x00000000f0375378,0x00000000f0380000)
  from space 6144K, 99% used [0x00000000f0380000,0x00000000f097fc28,0x00000000f0980000)
  to   space 7168K, 0% used [0x00000000f4680000,0x00000000f4680000,0x00000000f4d80000)
 ParOldGen       total 40960K, used 8080K [0x00000000c5600000, 0x00000000c7e00000, 0x00000000ec780000)
  object space 40960K, 19% used [0x00000000c5600000,0x00000000c5de4108,0x00000000c7e00000)
 Metaspace       used 18967K, capacity 19474K, committed 19712K, reserved 1067008K
  class space    used 2283K, capacity 2437K, committed 2560K, reserved 1048576K
Event: 7.910 GC heap after
Heap after GC invocations=8 (full 0):
 PSYoungGen      total 128512K, used 7137K [0x00000000ec780000, 0x00000000f5080000, 0x0000000100000000)
  eden space 121344K, 0% used [0x00000000ec780000,0x00000000ec780000,0x00000000f3e00000)
  from space 7168K, 99% used [0x00000000f4680000,0x00000000f4d78418,0x00000000f4d80000)
  to   space 8704K, 0% used [0x00000000f3e00000,0x00000000f3e00000,0x00000000f4680000)
 ParOldGen       total 40960K, used 9247K [0x00000000c5600000, 0x00000000c7e00000, 0x00000000ec780000)
  object space 40960K, 22% used [0x00000000c5600000,0x00000000c5f07f10,0x00000000c7e00000)
 Metaspace       used 18967K, capacity 19474K, committed 19712K, reserved 1067008K
  class space    used 2283K, capacity 2437K, committed 2560K, reserved 1048576K
}
Event: 10.030 GC heap before
{Heap before GC invocations=9 (full 0):
 PSYoungGen      total 128512K, used 63041K [0x00000000ec780000, 0x00000000f5080000, 0x0000000100000000)
  eden space 121344K, 46% used [0x00000000ec780000,0x00000000efe18360,0x00000000f3e00000)
  from space 7168K, 99% used [0x00000000f4680000,0x00000000f4d78418,0x00000000f4d80000)
  to   space 8704K, 0% used [0x00000000f3e00000,0x00000000f3e00000,0x00000000f4680000)
 ParOldGen       total 40960K, used 9247K [0x00000000c5600000, 0x00000000c7e00000, 0x00000000ec780000)
  object space 40960K, 22% used [0x00000000c5600000,0x00000000c5f07f10,0x00000000c7e00000)
 Metaspace       used 20619K, capacity 21172K, committed 21296K, reserved 1069056K
  class space    used 2454K, capacity 2639K, committed 2688K, reserved 1048576K

