# JRE version: Java(TM) SE Runtime Environment (8.0_172-b11) (build 1.8.0_172-b11)
# Java VM: Java HotSpot(TM) 64-Bit Server VM (25.172-b11 mixed mode linux-amd64 compressed oops)
Heap:
 PSYoungGen      total 130048K, used 8684K [0x00000000ec780000, 0x00000000f5080000, 0x0000000100000000)
  eden space 121344K, 0% used [0x00000000ec780000,0x00000000ec780000,0x00000000f3e00000)
  from space 8704K, 99% used [0x00000000f3e00000,0x00000000f467b240,0x00000000f4680000)
  to   space 7168K, 0% used [0x00000000f4680000,0x00000000f4680000,0x00000000f4d80000)
 ParOldGen       total 40960K, used 21834K [0x00000000c5600000, 0x00000000c7e00000, 0x00000000ec780000)
  object space 40960K, 53% used [0x00000000c5600000,0x00000000c6b52a08,0x00000000c7e00000)
 Metaspace       used 20679K, capacity 21172K, committed 21296K, reserved 1069056K
  class space    used 2460K, capacity 2639K, committed 2688K, reserved 1048576K
GC Heap History (10 events):
Event: 2.406 GC heap after
Heap after GC invocations=4 (full 0):
 PSYoungGen      total 33280K, used 2560K [0x00000000ec780000, 0x00000000eea80000, 0x0000000100000000)
  eden space 30720K, 0% used [0x00000000ec780000,0x00000000ec780000,0x00000000ee580000)
  from space 2560K, 100% used [0x00000000ee800000,0x00000000eea80000,0x00000000eea80000)
  to   space 2560K, 0% used [0x00000000ee580000,0x00000000ee580000,0x00000000ee800000)
 ParOldGen       total 40960K, used 4545K [0x00000000c5600000, 0x00000000c7e00000, 0x00000000ec780000)
  object space 40960K, 11% used [0x00000000c5600000,0x00000000c5a707b8,0x00000000c7e00000)
 Metaspace       used 13045K, capacity 13426K, committed 13568K, reserved 1060864K
  class space    used 1609K, capacity 1724K, committed 1792K, reserved 1048576K
}
Event: 3.259 GC heap before
{Heap before GC invocations=5 (full 0):
 PSYoungGen      total 33280K, used 33280K [0x00000000ec780000, 0x00000000eea80000, 0x0000000100000000)
  eden space 30720K, 100% used [0x00000000ec780000,0x00000000ee580000,0x00000000ee580000)
  from space 2560K, 100% used [0x00000000ee800000,0x00000000eea80000,0x00000000eea80000)
  to   space 2560K, 0% used [0x00000000ee580000,0x00000000ee580000,0x00000000ee800000)
 ParOldGen       total 40960K, used 4545K [0x00000000c5600000, 0x00000000c7e00000, 0x00000000ec780000)
  object space 40960K, 11% used [0x00000000c5600000,0x00000000c5a707b8,0x00000000c7e00000)
 Metaspace       used 13514K, capacity 13932K, committed 14080K, reserved 1060864K
  class space    used 1642K, capacity 1762K, committed 1792K, reserved 1048576K
Event: 3.273 GC heap after
Heap after GC invocations=5 (full 0):
 PSYoungGen      total 33280K, used 2528K [0x00000000ec780000, 0x00000000f0f80000, 0x0000000100000000)
  eden space 30720K, 0% used [0x00000000ec780000,0x00000000ec780000,0x00000000ee580000)
  from space 2560K, 98% used [0x00000000ee580000,0x00000000ee7f8020,0x00000000ee800000)
  to   space 6144K, 0% used [0x00000000f0980000,0x00000000f0980000,0x00000000f0f80000)
 ParOldGen       total 40960K, used 6944K [0x00000000c5600000, 0x00000000c7e00000, 0x00000000ec780000)
  object space 40960K, 16% used [0x00000000c5600000,0x00000000c5cc80b0,0x00000000c7e00000)
 Metaspace       used 13514K, capacity 13932K, committed 14080K, reserved 1060864K
  class space    used 1642K, capacity 1762K, committed 1792K, reserved 1048576K
}
Event: 3.942 GC heap before
{Heap before GC invocations=6 (full 0):
 PSYoungGen      total 33280K, used 33248K [0x00000000ec780000, 0x00000000f0f80000, 0x0000000100000000)
  eden space 30720K, 100% used [0x00000000ec780000,0x00000000ee580000,0x00000000ee580000)
  from space 2560K, 98% used [0x00000000ee580000,0x00000000ee7f8020,0x00000000ee800000)
  to   space 6144K, 0% used [0x00000000f0980000,0x00000000f0980000,0x00000000f0f80000)
 ParOldGen       total 40960K, used 6944K [0x00000000c5600000, 0x00000000c7e00000, 0x00000000ec780000)
  object space 40960K, 16% used [0x00000000c5600000,0x00000000c5cc80b0,0x00000000c7e00000)
 Metaspace       used 13863K, capacity 14206K, committed 14336K, reserved 1062912K
  class space    used 1660K, capacity 1765K, committed 1792K, reserved 1048576K
Event: 3.968 GC heap after
Heap after GC invocations=6 (full 0):
 PSYoungGen      total 67584K, used 4000K [0x00000000ec780000, 0x00000000f0f80000, 0x0000000100000000)
  eden space 61440K, 0% used [0x00000000ec780000,0x00000000ec780000,0x00000000f0380000)
  from space 6144K, 65% used [0x00000000f0980000,0x00000000f0d68020,0x00000000f0f80000)
  to   space 6144K, 0% used [0x00000000f0380000,0x00000000f0380000,0x00000000f0980000)
 ParOldGen       total 40960K, used 6952K [0x00000000c5600000, 0x00000000c7e00000, 0x00000000ec780000)
  object space 40960K, 16% used [0x00000000c5600000,0x00000000c5cca0b0,0x00000000c7e00000)
 Metaspace       used 13863K, capacity 14206K, committed 14336K, reserved 1062912K
  class space    used 1660K, capacity 1765K, committed 1792K, reserved 1048576K
}
Event: 4.936 GC heap before
{Heap before GC invocations=7 (full 0):
 PSYoungGen      total 67584K, used 65440K [0x00000000ec780000, 0x00000000f0f80000, 0x0000000100000000)
  eden space 61440K, 100% used [0x00000000ec780000,0x00000000f0380000,0x00000000f0380000)
  from space 6144K, 65% used [0x00000000f0980000,0x00000000f0d68020,0x00000000f0f80000)
  to   space 6144K, 0% used [0x00000000f0380000,0x00000000f0380000,0x00000000f0980000)
 ParOldGen       total 40960K, used 6952K [0x00000000c5600000, 0x00000000c7e00000, 0x00000000ec780000)
  object space 40960K, 16% used [0x00000000c5600000,0x00000000c5cca0b0,0x00000000c7e00000)
 Metaspace       used 14787K, capacity 15094K, committed 15232K, reserved 1062912K
  class space    used 1754K, capacity 1869K, committed 1920K, reserved 1048576K
Event: 4.959 GC heap after
Heap after GC invocations=7 (full 0):
 PSYoungGen      total 67584K, used 6116K [0x00000000ec780000, 0x00000000f4d80000, 0x0000000100000000)
  eden space 61440K, 0% used [0x00000000ec780000,0x00000000ec780000,0x00000000f0380000)
  from space 6144K, 99% used [0x00000000f0380000,0x00000000f09792b0,0x00000000f0980000)
  to   space 7168K, 0% used [0x00000000f4680000,0x00000000f4680000,0x00000000f4d80000)
 ParOldGen       total 40960K, used 7961K [0x00000000c5600000, 0x00000000c7e00000, 0x00000000ec780000)
  object space 40960K, 19% used [0x00000000c5600000,0x00000000c5dc6610,0x00000000c7e00000)
 Metaspace       used 14787K, capacity 15094K, committed 15232K, reserved 1062912K
  class space    used 1754K, capacity 1869K, committed 1920K, reserved 1048576K
}
Event: 6.167 GC heap before
{Heap before GC invocations=8 (full 0):
 PSYoungGen      total 67584K, used 67509K [0x00000000ec780000, 0x00000000f4d80000, 0x0000000100000000)
  eden space 61440K, 99% used [0x00000000ec780000,0x00000000f03741d0,0x00000000f0380000)
  from space 6144K, 99% used [0x00000000f0380000,0x00000000f09792b0,0x00000000f0980000)
  to   space 7168K, 0% used [0x00000000f4680000,0x00000000f4680000,0x00000000f4d80000)
 ParOldGen       total 40960K, used 7961K [0x00000000c5600000, 0x00000000c7e00000, 0x00000000ec780000)
  object space 40960K, 19% used [0x00000000c5600000,0x00000000c5dc6610,0x00000000c7e00000)
 Metaspace       used 18826K, capacity 19282K, committed 19456K, reserved 1067008K
  class space    used 2276K, capacity 2437K, committed 2560K, reserved 1048576K
Event: 6.202 GC heap after
Heap after GC invocations=8 (full 0):
 PSYoungGen      total 128512K, used 7151K [0x00000000ec780000, 0x00000000f5080000, 0x0000000100000000)
  eden space 121344K, 0% used [0x00000000ec780000,0x00000000ec780000,0x00000000f3e00000)
  from space 7168K, 99% used [0x00000000f4680000,0x00000000f4d7bf38,0x00000000f4d80000)
  to   space 8704K, 0% used [0x00000000f3e00000,0x00000000f3e00000,0x00000000f4680000)
 ParOldGen       total 40960K, used 9125K [0x00000000c5600000, 0x00000000c7e00000, 0x00000000ec780000)
  object space 40960K, 22% used [0x00000000c5600000,0x00000000c5ee9520,0x00000000c7e00000)
 Metaspace       used 18826K, capacity 19282K, committed 19456K, reserved 1067008K
  class space    used 2276K, capacity 2437K, committed 2560K, reserved 1048576K
}
Event: 7.762 GC heap before
{Heap before GC invocations=9 (full 0):
 PSYoungGen      total 128512K, used 65510K [0x00000000ec780000, 0x00000000f5080000, 0x0000000100000000)
  eden space 121344K, 48% used [0x00000000ec780000,0x00000000f007dc08,0x00000000f3e00000)
  from space 7168K, 99% used [0x00000000f4680000,0x00000000f4d7bf38,0x00000000f4d80000)
  to   space 8704K, 0% used [0x00000000f3e00000,0x00000000f3e00000,0x00000000f4680000)
 ParOldGen       total 40960K, used 9125K [0x00000000c5600000, 0x00000000c7e00000, 0x00000000ec780000)
  object space 40960K, 22% used [0x00000000c5600000,0x00000000c5ee9520,0x00000000c7e00000)
 Metaspace       used 20679K, capacity 21172K, committed 21296K, reserved 1069056K
  class space    used 2460K, capacity 2639K, committed 2688K, reserved 1048576K

