# JRE version: Java(TM) SE Runtime Environment (8.0_172-b11) (build 1.8.0_172-b11)
# Java VM: Java HotSpot(TM) 64-Bit Server VM (25.172-b11 mixed mode linux-amd64 compressed oops)
Heap:
 PSYoungGen      total 130048K, used 8163K [0x00000000ec780000, 0x00000000f4f80000, 0x0000000100000000)
  eden space 121856K, 0% used [0x00000000ec780000,0x00000000ec780000,0x00000000f3e80000)
  from space 8192K, 99% used [0x00000000f3e80000,0x00000000f4678c10,0x00000000f4680000)
  to   space 7168K, 0% used [0x00000000f4680000,0x00000000f4680000,0x00000000f4d80000)
 ParOldGen       total 40960K, used 21713K [0x00000000c5600000, 0x00000000c7e00000, 0x00000000ec780000)
  object space 40960K, 53% used [0x00000000c5600000,0x00000000c6b34688,0x00000000c7e00000)
 Metaspace       used 20588K, capacity 21172K, committed 21296K, reserved 1069056K
  class space    used 2451K, capacity 2639K, committed 2688K, reserved 1048576K
GC Heap History (10 events):
Event: 2.327 GC heap after
Heap after GC invocations=4 (full 0):
 PSYoungGen      total 33280K, used 2544K [0x00000000ec780000, 0x00000000eea80000, 0x0000000100000000)
  eden space 30720K, 0% used [0x00000000ec780000,0x00000000ec780000,0x00000000ee580000)
  from space 2560K, 99% used [0x00000000ee800000,0x00000000eea7c010,0x00000000eea80000)
  to   space 2560K, 0% used [0x00000000ee580000,0x00000000ee580000,0x00000000ee800000)
 ParOldGen       total 40960K, used 4493K [0x00000000c5600000, 0x00000000c7e00000, 0x00000000ec780000)
  object space 40960K, 10% used [0x00000000c5600000,0x00000000c5a63698,0x00000000c7e00000)
 Metaspace       used 13059K, capacity 13426K, committed 13568K, reserved 1060864K
  class space    used 1608K, capacity 1724K, committed 1792K, reserved 1048576K
}
Event: 3.108 GC heap before
{Heap before GC invocations=5 (full 0):
 PSYoungGen      total 33280K, used 33264K [0x00000000ec780000, 0x00000000eea80000, 0x0000000100000000)
  eden space 30720K, 100% used [0x00000000ec780000,0x00000000ee580000,0x00000000ee580000)
  from space 2560K, 99% used [0x00000000ee800000,0x00000000eea7c010,0x00000000eea80000)
  to   space 2560K, 0% used [0x00000000ee580000,0x00000000ee580000,0x00000000ee800000)
 ParOldGen       total 40960K, used 4493K [0x00000000c5600000, 0x00000000c7e00000, 0x00000000ec780000)
  object space 40960K, 10% used [0x00000000c5600000,0x00000000c5a63698,0x00000000c7e00000)
 Metaspace       used 13532K, capacity 13932K, committed 14080K, reserved 1060864K
  class space    used 1641K, capacity 1762K, committed 1792K, reserved 1048576K
Event: 3.142 GC heap after
Heap after GC invocations=5 (full 0):
 PSYoungGen      total 33280K, used 2560K [0x00000000ec780000, 0x00000000f0f80000, 0x0000000100000000)
  eden space 30720K, 0% used [0x00000000ec780000,0x00000000ec780000,0x00000000ee580000)
  from space 2560K, 100% used [0x00000000ee580000,0x00000000ee800000,0x00000000ee800000)
  to   space 6144K, 0% used [0x00000000f0980000,0x00000000f0980000,0x00000000f0f80000)
 ParOldGen       total 40960K, used 6934K [0x00000000c5600000, 0x00000000c7e00000, 0x00000000ec780000)
  object space 40960K, 16% used [0x00000000c5600000,0x00000000c5cc58b0,0x00000000c7e00000)
 Metaspace       used 13532K, capacity 13932K, committed 14080K, reserved 1060864K
  class space    used 1641K, capacity 1762K, committed 1792K, reserved 1048576K
}
Event: 3.790 GC heap before
{Heap before GC invocations=6 (full 0):
 PSYoungGen      total 33280K, used 33280K [0x00000000ec780000, 0x00000000f0f80000, 0x0000000100000000)
  eden space 30720K, 100% used [0x00000000ec780000,0x00000000ee580000,0x00000000ee580000)
  from space 2560K, 100% used [0x00000000ee580000,0x00000000ee800000,0x00000000ee800000)
  to   space 6144K, 0% used [0x00000000f0980000,0x00000000f0980000,0x00000000f0f80000)
 ParOldGen       total 40960K, used 6934K [0x00000000c5600000, 0x00000000c7e00000, 0x00000000ec780000)
  object space 40960K, 16% used [0x00000000c5600000,0x00000000c5cc58b0,0x00000000c7e00000)
 Metaspace       used 13877K, capacity 14206K, committed 14336K, reserved 1062912K
  class space    used 1659K, capacity 1765K, committed 1792K, reserved 1048576K
Event: 3.806 GC heap after
Heap after GC invocations=6 (full 0):
 PSYoungGen      total 67584K, used 4144K [0x00000000ec780000, 0x00000000f0f80000, 0x0000000100000000)
  eden space 61440K, 0% used [0x00000000ec780000,0x00000000ec780000,0x00000000f0380000)
  from space 6144K, 67% used [0x00000000f0980000,0x00000000f0d8c030,0x00000000f0f80000)
  to   space 6144K, 0% used [0x00000000f0380000,0x00000000f0380000,0x00000000f0980000)
 ParOldGen       total 40960K, used 6934K [0x00000000c5600000, 0x00000000c7e00000, 0x00000000ec780000)
  object space 40960K, 16% used [0x00000000c5600000,0x00000000c5cc58b0,0x00000000c7e00000)
 Metaspace       used 13877K, capacity 14206K, committed 14336K, reserved 1062912K
  class space    used 1659K, capacity 1765K, committed 1792K, reserved 1048576K
}
Event: 4.813 GC heap before
{Heap before GC invocations=7 (full 0):
 PSYoungGen      total 67584K, used 65584K [0x00000000ec780000, 0x00000000f0f80000, 0x0000000100000000)
  eden space 61440K, 100% used [0x00000000ec780000,0x00000000f0380000,0x00000000f0380000)
  from space 6144K, 67% used [0x00000000f0980000,0x00000000f0d8c030,0x00000000f0f80000)
  to   space 6144K, 0% used [0x00000000f0380000,0x00000000f0380000,0x00000000f0980000)
 ParOldGen       total 40960K, used 6934K [0x00000000c5600000, 0x00000000c7e00000, 0x00000000ec780000)
  object space 40960K, 16% used [0x00000000c5600000,0x00000000c5cc58b0,0x00000000c7e00000)
 Metaspace       used 14793K, capacity 15158K, committed 15232K, reserved 1062912K
  class space    used 1753K, capacity 1869K, committed 1920K, reserved 1048576K
Event: 4.842 GC heap after
Heap after GC invocations=7 (full 0):
 PSYoungGen      total 67584K, used 6128K [0x00000000ec780000, 0x00000000f4d80000, 0x0000000100000000)
  eden space 61440K, 0% used [0x00000000ec780000,0x00000000ec780000,0x00000000f0380000)
  from space 6144K, 99% used [0x00000000f0380000,0x00000000f097c010,0x00000000f0980000)
  to   space 7168K, 0% used [0x00000000f4680000,0x00000000f4680000,0x00000000f4d80000)
 ParOldGen       total 40960K, used 7993K [0x00000000c5600000, 0x00000000c7e00000, 0x00000000ec780000)
  object space 40960K, 19% used [0x00000000c5600000,0x00000000c5dce560,0x00000000c7e00000)
 Metaspace       used 14793K, capacity 15158K, committed 15232K, reserved 1062912K
  class space    used 1753K, capacity 1869K, committed 1920K, reserved 1048576K
}
Event: 5.869 GC heap before
{Heap before GC invocations=8 (full 0):
 PSYoungGen      total 67584K, used 67552K [0x00000000ec780000, 0x00000000f4d80000, 0x0000000100000000)
  eden space 61440K, 99% used [0x00000000ec780000,0x00000000f037c000,0x00000000f0380000)
  from space 6144K, 99% used [0x00000000f0380000,0x00000000f097c010,0x00000000f0980000)
  to   space 7168K, 0% used [0x00000000f4680000,0x00000000f4680000,0x00000000f4d80000)
 ParOldGen       total 40960K, used 7993K [0x00000000c5600000, 0x00000000c7e00000, 0x00000000ec780000)
  object space 40960K, 19% used [0x00000000c5600000,0x00000000c5dce560,0x00000000c7e00000)
 Metaspace       used 18855K, capacity 19410K, committed 19712K, reserved 1067008K
  class space    used 2276K, capacity 2437K, committed 2560K, reserved 1048576K
Event: 5.895 GC heap after
Heap after GC invocations=8 (full 0):
 PSYoungGen      total 129024K, used 7115K [0x00000000ec780000, 0x00000000f4f80000, 0x0000000100000000)
  eden space 121856K, 0% used [0x00000000ec780000,0x00000000ec780000,0x00000000f3e80000)
  from space 7168K, 99% used [0x00000000f4680000,0x00000000f4d72c78,0x00000000f4d80000)
  to   space 8192K, 0% used [0x00000000f3e80000,0x00000000f3e80000,0x00000000f4680000)
 ParOldGen       total 40960K, used 9159K [0x00000000c5600000, 0x00000000c7e00000, 0x00000000ec780000)
  object space 40960K, 22% used [0x00000000c5600000,0x00000000c5ef1da0,0x00000000c7e00000)
 Metaspace       used 18855K, capacity 19410K, committed 19712K, reserved 1067008K
  class space    used 2276K, capacity 2437K, committed 2560K, reserved 1048576K
}
Event: 7.009 GC heap before
{Heap before GC invocations=9 (full 0):
 PSYoungGen      total 129024K, used 62723K [0x00000000ec780000, 0x00000000f4f80000, 0x0000000100000000)
  eden space 121856K, 45% used [0x00000000ec780000,0x00000000efdce0f0,0x00000000f3e80000)
  from space 7168K, 99% used [0x00000000f4680000,0x00000000f4d72c78,0x00000000f4d80000)
  to   space 8192K, 0% used [0x00000000f3e80000,0x00000000f3e80000,0x00000000f4680000)
 ParOldGen       total 40960K, used 9159K [0x00000000c5600000, 0x00000000c7e00000, 0x00000000ec780000)
  object space 40960K, 22% used [0x00000000c5600000,0x00000000c5ef1da0,0x00000000c7e00000)
 Metaspace       used 20588K, capacity 21172K, committed 21296K, reserved 1069056K
  class space    used 2451K, capacity 2639K, committed 2688K, reserved 1048576K

